<?xml version="1.0" encoding="UTF-8"?>
<testsuite xmlns:xsi="http://www.w3.org/2001/XMLSchema-instance" xsi:noNamespaceSchemaLocation="https://maven.apache.org/surefire/maven-surefire-plugin/xsd/surefire-test-report.xsd" name="com.example.iotcore.dto.TopicDTOTest" time="0" tests="2" errors="0" skipped="0" failures="0">
  <properties>
    <property name="java.specification.version" value="17"/>
    <property name="sun.jnu.encoding" value="UTF-8"/>
    <property name="java.class.path" value="/home/mohammadali/uni/project/iot-core/iot-core-web/target/test-classes:/home/mohammadali/uni/project/iot-core/iot-core-web/target/classes:/home/mohammadali/.m2/repository/com/example/iot-core-data/0.0.1-SNAPSHOT/iot-core-data-0.0.1-SNAPSHOT.jar:/home/mohammadali/.m2/repository/org/springframework/boot/spring-boot-starter-data-jpa/2.6.5/spring-boot-starter-data-jpa-2.6.5.jar:/home/mohammadali/.m2/repository/org/springframework/boot/spring-boot-starter-aop/2.6.5/spring-boot-starter-aop-2.6.5.jar:/home/mohammadali/.m2/repository/org/aspectj/aspectjweaver/1.9.7/aspectjweaver-1.9.7.jar:/home/mohammadali/.m2/repository/org/springframework/boot/spring-boot-starter-jdbc/2.6.5/spring-boot-starter-jdbc-2.6.5.jar:/home/mohammadali/.m2/repository/com/zaxxer/HikariCP/4.0.3/HikariCP-4.0.3.jar:/home/mohammadali/.m2/repository/org/springframework/spring-jdbc/5.3.17/spring-jdbc-5.3.17.jar:/home/mohammadali/.m2/repository/jakarta/transaction/jakarta.transaction-api/1.3.3/jakarta.transaction-api-1.3.3.jar:/home/mohammadali/.m2/repository/jakarta/persistence/jakarta.persistence-api/2.2.3/jakarta.persistence-api-2.2.3.jar:/home/mohammadali/.m2/repository/org/hibernate/hibernate-core/5.6.7.Final/hibernate-core-5.6.7.Final.jar:/home/mohammadali/.m2/repository/antlr/antlr/2.7.7/antlr-2.7.7.jar:/home/mohammadali/.m2/repository/org/jboss/jandex/2.4.2.Final/jandex-2.4.2.Final.jar:/home/mohammadali/.m2/repository/org/hibernate/common/hibernate-commons-annotations/5.1.2.Final/hibernate-commons-annotations-5.1.2.Final.jar:/home/mohammadali/.m2/repository/org/glassfish/jaxb/jaxb-runtime/2.3.6/jaxb-runtime-2.3.6.jar:/home/mohammadali/.m2/repository/org/glassfish/jaxb/txw2/2.3.6/txw2-2.3.6.jar:/home/mohammadali/.m2/repository/com/sun/istack/istack-commons-runtime/3.0.12/istack-commons-runtime-3.0.12.jar:/home/mohammadali/.m2/repository/com/sun/activation/jakarta.activation/1.2.2/jakarta.activation-1.2.2.jar:/home/mohammadali/.m2/repository/org/springframework/data/spring-data-jpa/2.6.3/spring-data-jpa-2.6.3.jar:/home/mohammadali/.m2/repository/org/springframework/data/spring-data-commons/2.6.3/spring-data-commons-2.6.3.jar:/home/mohammadali/.m2/repository/org/springframework/spring-orm/5.3.17/spring-orm-5.3.17.jar:/home/mohammadali/.m2/repository/org/springframework/spring-tx/5.3.17/spring-tx-5.3.17.jar:/home/mohammadali/.m2/repository/org/springframework/spring-aspects/5.3.17/spring-aspects-5.3.17.jar:/home/mohammadali/.m2/repository/mysql/mysql-connector-java/8.0.28/mysql-connector-java-8.0.28.jar:/home/mohammadali/.m2/repository/org/liquibase/liquibase-core/4.5.0/liquibase-core-4.5.0.jar:/home/mohammadali/.m2/repository/javax/xml/bind/jaxb-api/2.3.1/jaxb-api-2.3.1.jar:/home/mohammadali/.m2/repository/javax/activation/javax.activation-api/1.2.0/javax.activation-api-1.2.0.jar:/home/mohammadali/.m2/repository/com/example/mqtt-client/0.0.1-SNAPSHOT/mqtt-client-0.0.1-SNAPSHOT.jar:/home/mohammadali/.m2/repository/org/eclipse/paho/org.eclipse.paho.mqttv5.client/1.2.5/org.eclipse.paho.mqttv5.client-1.2.5.jar:/home/mohammadali/.m2/repository/org/springframework/boot/spring-boot-starter-web/2.6.5/spring-boot-starter-web-2.6.5.jar:/home/mohammadali/.m2/repository/org/springframework/boot/spring-boot-starter/2.6.5/spring-boot-starter-2.6.5.jar:/home/mohammadali/.m2/repository/org/springframework/boot/spring-boot/2.6.5/spring-boot-2.6.5.jar:/home/mohammadali/.m2/repository/org/springframework/boot/spring-boot-autoconfigure/2.6.5/spring-boot-autoconfigure-2.6.5.jar:/home/mohammadali/.m2/repository/org/springframework/boot/spring-boot-starter-logging/2.6.5/spring-boot-starter-logging-2.6.5.jar:/home/mohammadali/.m2/repository/ch/qos/logback/logback-classic/1.2.11/logback-classic-1.2.11.jar:/home/mohammadali/.m2/repository/ch/qos/logback/logback-core/1.2.11/logback-core-1.2.11.jar:/home/mohammadali/.m2/repository/org/apache/logging/log4j/log4j-to-slf4j/2.17.2/log4j-to-slf4j-2.17.2.jar:/home/mohammadali/.m2/repository/org/apache/logging/log4j/log4j-api/2.17.2/log4j-api-2.17.2.jar:/home/mohammadali/.m2/repository/org/slf4j/jul-to-slf4j/1.7.36/jul-to-slf4j-1.7.36.jar:/home/mohammadali/.m2/repository/jakarta/annotation/jakarta.annotation-api/1.3.5/jakarta.annotation-api-1.3.5.jar:/home/mohammadali/.m2/repository/org/yaml/snakeyaml/1.29/snakeyaml-1.29.jar:/home/mohammadali/.m2/repository/org/springframework/boot/spring-boot-starter-json/2.6.5/spring-boot-starter-json-2.6.5.jar:/home/mohammadali/.m2/repository/com/fasterxml/jackson/datatype/jackson-datatype-jdk8/2.13.2/jackson-datatype-jdk8-2.13.2.jar:/home/mohammadali/.m2/repository/com/fasterxml/jackson/datatype/jackson-datatype-jsr310/2.13.2/jackson-datatype-jsr310-2.13.2.jar:/home/mohammadali/.m2/repository/com/fasterxml/jackson/module/jackson-module-parameter-names/2.13.2/jackson-module-parameter-names-2.13.2.jar:/home/mohammadali/.m2/repository/org/springframework/boot/spring-boot-starter-tomcat/2.6.5/spring-boot-starter-tomcat-2.6.5.jar:/home/mohammadali/.m2/repository/org/apache/tomcat/embed/tomcat-embed-core/9.0.60/tomcat-embed-core-9.0.60.jar:/home/mohammadali/.m2/repository/org/apache/tomcat/embed/tomcat-embed-websocket/9.0.60/tomcat-embed-websocket-9.0.60.jar:/home/mohammadali/.m2/repository/org/springframework/spring-web/5.3.17/spring-web-5.3.17.jar:/home/mohammadali/.m2/repository/org/springframework/spring-beans/5.3.17/spring-beans-5.3.17.jar:/home/mohammadali/.m2/repository/org/springframework/spring-webmvc/5.3.17/spring-webmvc-5.3.17.jar:/home/mohammadali/.m2/repository/org/springframework/spring-aop/5.3.17/spring-aop-5.3.17.jar:/home/mohammadali/.m2/repository/org/springframework/spring-context/5.3.17/spring-context-5.3.17.jar:/home/mohammadali/.m2/repository/org/springframework/spring-expression/5.3.17/spring-expression-5.3.17.jar:/home/mohammadali/.m2/repository/org/springframework/boot/spring-boot-starter-validation/2.6.5/spring-boot-starter-validation-2.6.5.jar:/home/mohammadali/.m2/repository/org/apache/tomcat/embed/tomcat-embed-el/9.0.60/tomcat-embed-el-9.0.60.jar:/home/mohammadali/.m2/repository/org/hibernate/validator/hibernate-validator/6.2.3.Final/hibernate-validator-6.2.3.Final.jar:/home/mohammadali/.m2/repository/jakarta/validation/jakarta.validation-api/2.0.2/jakarta.validation-api-2.0.2.jar:/home/mohammadali/.m2/repository/org/jboss/logging/jboss-logging/3.4.3.Final/jboss-logging-3.4.3.Final.jar:/home/mohammadali/.m2/repository/com/fasterxml/classmate/1.5.1/classmate-1.5.1.jar:/home/mohammadali/.m2/repository/org/zalando/problem-spring-web/0.27.0/problem-spring-web-0.27.0.jar:/home/mohammadali/.m2/repository/org/zalando/problem-violations/0.27.0/problem-violations-0.27.0.jar:/home/mohammadali/.m2/repository/org/zalando/problem-spring-common/0.27.0/problem-spring-common-0.27.0.jar:/home/mohammadali/.m2/repository/org/apiguardian/apiguardian-api/1.1.2/apiguardian-api-1.1.2.jar:/home/mohammadali/.m2/repository/com/google/code/findbugs/jsr305/3.0.2/jsr305-3.0.2.jar:/home/mohammadali/.m2/repository/org/slf4j/slf4j-api/1.7.36/slf4j-api-1.7.36.jar:/home/mohammadali/.m2/repository/org/zalando/problem/0.26.0/problem-0.26.0.jar:/home/mohammadali/.m2/repository/org/zalando/jackson-datatype-problem/0.26.0/jackson-datatype-problem-0.26.0.jar:/home/mohammadali/.m2/repository/com/fasterxml/jackson/core/jackson-databind/2.13.2/jackson-databind-2.13.2.jar:/home/mohammadali/.m2/repository/com/fasterxml/jackson/core/jackson-annotations/2.13.2/jackson-annotations-2.13.2.jar:/home/mohammadali/.m2/repository/com/fasterxml/jackson/core/jackson-core/2.13.2/jackson-core-2.13.2.jar:/home/mohammadali/.m2/repository/org/zalando/faux-pas/0.9.0/faux-pas-0.9.0.jar:/home/mohammadali/.m2/repository/javax/validation/validation-api/2.0.1.Final/validation-api-2.0.1.Final.jar:/home/mohammadali/.m2/repository/org/springdoc/springdoc-openapi-webmvc-core/1.6.6/springdoc-openapi-webmvc-core-1.6.6.jar:/home/mohammadali/.m2/repository/org/springdoc/springdoc-openapi-common/1.6.6/springdoc-openapi-common-1.6.6.jar:/home/mohammadali/.m2/repository/io/swagger/core/v3/swagger-core/2.1.12/swagger-core-2.1.12.jar:/home/mohammadali/.m2/repository/org/apache/commons/commons-lang3/3.12.0/commons-lang3-3.12.0.jar:/home/mohammadali/.m2/repository/com/fasterxml/jackson/dataformat/jackson-dataformat-yaml/2.13.2/jackson-dataformat-yaml-2.13.2.jar:/home/mohammadali/.m2/repository/io/swagger/core/v3/swagger-annotations/2.1.12/swagger-annotations-2.1.12.jar:/home/mohammadali/.m2/repository/io/swagger/core/v3/swagger-models/2.1.12/swagger-models-2.1.12.jar:/home/mohammadali/.m2/repository/org/springframework/boot/spring-boot-starter-actuator/2.6.5/spring-boot-starter-actuator-2.6.5.jar:/home/mohammadali/.m2/repository/org/springframework/boot/spring-boot-actuator-autoconfigure/2.6.5/spring-boot-actuator-autoconfigure-2.6.5.jar:/home/mohammadali/.m2/repository/org/springframework/boot/spring-boot-actuator/2.6.5/spring-boot-actuator-2.6.5.jar:/home/mohammadali/.m2/repository/io/micrometer/micrometer-core/1.8.4/micrometer-core-1.8.4.jar:/home/mohammadali/.m2/repository/org/hdrhistogram/HdrHistogram/2.1.12/HdrHistogram-2.1.12.jar:/home/mohammadali/.m2/repository/org/latencyutils/LatencyUtils/2.0.3/LatencyUtils-2.0.3.jar:/home/mohammadali/.m2/repository/org/springframework/boot/spring-boot-starter-test/2.6.5/spring-boot-starter-test-2.6.5.jar:/home/mohammadali/.m2/repository/org/springframework/boot/spring-boot-test/2.6.5/spring-boot-test-2.6.5.jar:/home/mohammadali/.m2/repository/org/springframework/boot/spring-boot-test-autoconfigure/2.6.5/spring-boot-test-autoconfigure-2.6.5.jar:/home/mohammadali/.m2/repository/com/jayway/jsonpath/json-path/2.6.0/json-path-2.6.0.jar:/home/mohammadali/.m2/repository/net/minidev/json-smart/2.4.8/json-smart-2.4.8.jar:/home/mohammadali/.m2/repository/net/minidev/accessors-smart/2.4.8/accessors-smart-2.4.8.jar:/home/mohammadali/.m2/repository/org/ow2/asm/asm/9.1/asm-9.1.jar:/home/mohammadali/.m2/repository/jakarta/xml/bind/jakarta.xml.bind-api/2.3.3/jakarta.xml.bind-api-2.3.3.jar:/home/mohammadali/.m2/repository/jakarta/activation/jakarta.activation-api/1.2.2/jakarta.activation-api-1.2.2.jar:/home/mohammadali/.m2/repository/org/assertj/assertj-core/3.21.0/assertj-core-3.21.0.jar:/home/mohammadali/.m2/repository/org/hamcrest/hamcrest/2.2/hamcrest-2.2.jar:/home/mohammadali/.m2/repository/org/junit/jupiter/junit-jupiter/5.8.2/junit-jupiter-5.8.2.jar:/home/mohammadali/.m2/repository/org/junit/jupiter/junit-jupiter-api/5.8.2/junit-jupiter-api-5.8.2.jar:/home/mohammadali/.m2/repository/org/opentest4j/opentest4j/1.2.0/opentest4j-1.2.0.jar:/home/mohammadali/.m2/repository/org/junit/platform/junit-platform-commons/1.8.2/junit-platform-commons-1.8.2.jar:/home/mohammadali/.m2/repository/org/junit/jupiter/junit-jupiter-params/5.8.2/junit-jupiter-params-5.8.2.jar:/home/mohammadali/.m2/repository/org/junit/jupiter/junit-jupiter-engine/5.8.2/junit-jupiter-engine-5.8.2.jar:/home/mohammadali/.m2/repository/org/junit/platform/junit-platform-engine/1.8.2/junit-platform-engine-1.8.2.jar:/home/mohammadali/.m2/repository/org/mockito/mockito-core/4.0.0/mockito-core-4.0.0.jar:/home/mohammadali/.m2/repository/net/bytebuddy/byte-buddy/1.11.22/byte-buddy-1.11.22.jar:/home/mohammadali/.m2/repository/net/bytebuddy/byte-buddy-agent/1.11.22/byte-buddy-agent-1.11.22.jar:/home/mohammadali/.m2/repository/org/objenesis/objenesis/3.2/objenesis-3.2.jar:/home/mohammadali/.m2/repository/org/mockito/mockito-junit-jupiter/4.0.0/mockito-junit-jupiter-4.0.0.jar:/home/mohammadali/.m2/repository/org/skyscreamer/jsonassert/1.5.0/jsonassert-1.5.0.jar:/home/mohammadali/.m2/repository/com/vaadin/external/google/android-json/0.0.20131108.vaadin1/android-json-0.0.20131108.vaadin1.jar:/home/mohammadali/.m2/repository/org/springframework/spring-core/5.3.17/spring-core-5.3.17.jar:/home/mohammadali/.m2/repository/org/springframework/spring-jcl/5.3.17/spring-jcl-5.3.17.jar:/home/mohammadali/.m2/repository/org/springframework/spring-test/5.3.17/spring-test-5.3.17.jar:/home/mohammadali/.m2/repository/org/xmlunit/xmlunit-core/2.8.4/xmlunit-core-2.8.4.jar:/home/mohammadali/.m2/repository/org/projectlombok/lombok/1.18.22/lombok-1.18.22.jar:/home/mohammadali/.m2/repository/org/mapstruct/mapstruct/1.4.2.Final/mapstruct-1.4.2.Final.jar:/home/mohammadali/.m2/repository/org/mapstruct/mapstruct-processor/1.4.2.Final/mapstruct-processor-1.4.2.Final.jar:"/>
    <property name="java.vm.vendor" value="Oracle Corporation"/>
    <property name="sun.arch.data.model" value="64"/>
    <property name="java.vendor.url" value="https://java.oracle.com/"/>
    <property name="os.name" value="Linux"/>
    <property name="java.vm.specification.version" value="17"/>
    <property name="sun.java.launcher" value="SUN_STANDARD"/>
    <property name="user.country" value="US"/>
    <property name="sun.boot.library.path" value="/home/mohammadali/.jdks/openjdk-17.0.2/lib"/>
    <property name="sun.java.command" value="/home/mohammadali/uni/project/iot-core/iot-core-web/target/surefire/surefirebooter12657364731316228648.jar /home/mohammadali/uni/project/iot-core/iot-core-web/target/surefire 2022-03-27T03-15-35_902-jvmRun1 surefire5126573286402695195tmp surefire_012394088764520375579tmp"/>
    <property name="jdk.debug" value="release"/>
    <property name="surefire.test.class.path" value="/home/mohammadali/uni/project/iot-core/iot-core-web/target/test-classes:/home/mohammadali/uni/project/iot-core/iot-core-web/target/classes:/home/mohammadali/.m2/repository/com/example/iot-core-data/0.0.1-SNAPSHOT/iot-core-data-0.0.1-SNAPSHOT.jar:/home/mohammadali/.m2/repository/org/springframework/boot/spring-boot-starter-data-jpa/2.6.5/spring-boot-starter-data-jpa-2.6.5.jar:/home/mohammadali/.m2/repository/org/springframework/boot/spring-boot-starter-aop/2.6.5/spring-boot-starter-aop-2.6.5.jar:/home/mohammadali/.m2/repository/org/aspectj/aspectjweaver/1.9.7/aspectjweaver-1.9.7.jar:/home/mohammadali/.m2/repository/org/springframework/boot/spring-boot-starter-jdbc/2.6.5/spring-boot-starter-jdbc-2.6.5.jar:/home/mohammadali/.m2/repository/com/zaxxer/HikariCP/4.0.3/HikariCP-4.0.3.jar:/home/mohammadali/.m2/repository/org/springframework/spring-jdbc/5.3.17/spring-jdbc-5.3.17.jar:/home/mohammadali/.m2/repository/jakarta/transaction/jakarta.transaction-api/1.3.3/jakarta.transaction-api-1.3.3.jar:/home/mohammadali/.m2/repository/jakarta/persistence/jakarta.persistence-api/2.2.3/jakarta.persistence-api-2.2.3.jar:/home/mohammadali/.m2/repository/org/hibernate/hibernate-core/5.6.7.Final/hibernate-core-5.6.7.Final.jar:/home/mohammadali/.m2/repository/antlr/antlr/2.7.7/antlr-2.7.7.jar:/home/mohammadali/.m2/repository/org/jboss/jandex/2.4.2.Final/jandex-2.4.2.Final.jar:/home/mohammadali/.m2/repository/org/hibernate/common/hibernate-commons-annotations/5.1.2.Final/hibernate-commons-annotations-5.1.2.Final.jar:/home/mohammadali/.m2/repository/org/glassfish/jaxb/jaxb-runtime/2.3.6/jaxb-runtime-2.3.6.jar:/home/mohammadali/.m2/repository/org/glassfish/jaxb/txw2/2.3.6/txw2-2.3.6.jar:/home/mohammadali/.m2/repository/com/sun/istack/istack-commons-runtime/3.0.12/istack-commons-runtime-3.0.12.jar:/home/mohammadali/.m2/repository/com/sun/activation/jakarta.activation/1.2.2/jakarta.activation-1.2.2.jar:/home/mohammadali/.m2/repository/org/springframework/data/spring-data-jpa/2.6.3/spring-data-jpa-2.6.3.jar:/home/mohammadali/.m2/repository/org/springframework/data/spring-data-commons/2.6.3/spring-data-commons-2.6.3.jar:/home/mohammadali/.m2/repository/org/springframework/spring-orm/5.3.17/spring-orm-5.3.17.jar:/home/mohammadali/.m2/repository/org/springframework/spring-tx/5.3.17/spring-tx-5.3.17.jar:/home/mohammadali/.m2/repository/org/springframework/spring-aspects/5.3.17/spring-aspects-5.3.17.jar:/home/mohammadali/.m2/repository/mysql/mysql-connector-java/8.0.28/mysql-connector-java-8.0.28.jar:/home/mohammadali/.m2/repository/org/liquibase/liquibase-core/4.5.0/liquibase-core-4.5.0.jar:/home/mohammadali/.m2/repository/javax/xml/bind/jaxb-api/2.3.1/jaxb-api-2.3.1.jar:/home/mohammadali/.m2/repository/javax/activation/javax.activation-api/1.2.0/javax.activation-api-1.2.0.jar:/home/mohammadali/.m2/repository/com/example/mqtt-client/0.0.1-SNAPSHOT/mqtt-client-0.0.1-SNAPSHOT.jar:/home/mohammadali/.m2/repository/org/eclipse/paho/org.eclipse.paho.mqttv5.client/1.2.5/org.eclipse.paho.mqttv5.client-1.2.5.jar:/home/mohammadali/.m2/repository/org/springframework/boot/spring-boot-starter-web/2.6.5/spring-boot-starter-web-2.6.5.jar:/home/mohammadali/.m2/repository/org/springframework/boot/spring-boot-starter/2.6.5/spring-boot-starter-2.6.5.jar:/home/mohammadali/.m2/repository/org/springframework/boot/spring-boot/2.6.5/spring-boot-2.6.5.jar:/home/mohammadali/.m2/repository/org/springframework/boot/spring-boot-autoconfigure/2.6.5/spring-boot-autoconfigure-2.6.5.jar:/home/mohammadali/.m2/repository/org/springframework/boot/spring-boot-starter-logging/2.6.5/spring-boot-starter-logging-2.6.5.jar:/home/mohammadali/.m2/repository/ch/qos/logback/logback-classic/1.2.11/logback-classic-1.2.11.jar:/home/mohammadali/.m2/repository/ch/qos/logback/logback-core/1.2.11/logback-core-1.2.11.jar:/home/mohammadali/.m2/repository/org/apache/logging/log4j/log4j-to-slf4j/2.17.2/log4j-to-slf4j-2.17.2.jar:/home/mohammadali/.m2/repository/org/apache/logging/log4j/log4j-api/2.17.2/log4j-api-2.17.2.jar:/home/mohammadali/.m2/repository/org/slf4j/jul-to-slf4j/1.7.36/jul-to-slf4j-1.7.36.jar:/home/mohammadali/.m2/repository/jakarta/annotation/jakarta.annotation-api/1.3.5/jakarta.annotation-api-1.3.5.jar:/home/mohammadali/.m2/repository/org/yaml/snakeyaml/1.29/snakeyaml-1.29.jar:/home/mohammadali/.m2/repository/org/springframework/boot/spring-boot-starter-json/2.6.5/spring-boot-starter-json-2.6.5.jar:/home/mohammadali/.m2/repository/com/fasterxml/jackson/datatype/jackson-datatype-jdk8/2.13.2/jackson-datatype-jdk8-2.13.2.jar:/home/mohammadali/.m2/repository/com/fasterxml/jackson/datatype/jackson-datatype-jsr310/2.13.2/jackson-datatype-jsr310-2.13.2.jar:/home/mohammadali/.m2/repository/com/fasterxml/jackson/module/jackson-module-parameter-names/2.13.2/jackson-module-parameter-names-2.13.2.jar:/home/mohammadali/.m2/repository/org/springframework/boot/spring-boot-starter-tomcat/2.6.5/spring-boot-starter-tomcat-2.6.5.jar:/home/mohammadali/.m2/repository/org/apache/tomcat/embed/tomcat-embed-core/9.0.60/tomcat-embed-core-9.0.60.jar:/home/mohammadali/.m2/repository/org/apache/tomcat/embed/tomcat-embed-websocket/9.0.60/tomcat-embed-websocket-9.0.60.jar:/home/mohammadali/.m2/repository/org/springframework/spring-web/5.3.17/spring-web-5.3.17.jar:/home/mohammadali/.m2/repository/org/springframework/spring-beans/5.3.17/spring-beans-5.3.17.jar:/home/mohammadali/.m2/repository/org/springframework/spring-webmvc/5.3.17/spring-webmvc-5.3.17.jar:/home/mohammadali/.m2/repository/org/springframework/spring-aop/5.3.17/spring-aop-5.3.17.jar:/home/mohammadali/.m2/repository/org/springframework/spring-context/5.3.17/spring-context-5.3.17.jar:/home/mohammadali/.m2/repository/org/springframework/spring-expression/5.3.17/spring-expression-5.3.17.jar:/home/mohammadali/.m2/repository/org/springframework/boot/spring-boot-starter-validation/2.6.5/spring-boot-starter-validation-2.6.5.jar:/home/mohammadali/.m2/repository/org/apache/tomcat/embed/tomcat-embed-el/9.0.60/tomcat-embed-el-9.0.60.jar:/home/mohammadali/.m2/repository/org/hibernate/validator/hibernate-validator/6.2.3.Final/hibernate-validator-6.2.3.Final.jar:/home/mohammadali/.m2/repository/jakarta/validation/jakarta.validation-api/2.0.2/jakarta.validation-api-2.0.2.jar:/home/mohammadali/.m2/repository/org/jboss/logging/jboss-logging/3.4.3.Final/jboss-logging-3.4.3.Final.jar:/home/mohammadali/.m2/repository/com/fasterxml/classmate/1.5.1/classmate-1.5.1.jar:/home/mohammadali/.m2/repository/org/zalando/problem-spring-web/0.27.0/problem-spring-web-0.27.0.jar:/home/mohammadali/.m2/repository/org/zalando/problem-violations/0.27.0/problem-violations-0.27.0.jar:/home/mohammadali/.m2/repository/org/zalando/problem-spring-common/0.27.0/problem-spring-common-0.27.0.jar:/home/mohammadali/.m2/repository/org/apiguardian/apiguardian-api/1.1.2/apiguardian-api-1.1.2.jar:/home/mohammadali/.m2/repository/com/google/code/findbugs/jsr305/3.0.2/jsr305-3.0.2.jar:/home/mohammadali/.m2/repository/org/slf4j/slf4j-api/1.7.36/slf4j-api-1.7.36.jar:/home/mohammadali/.m2/repository/org/zalando/problem/0.26.0/problem-0.26.0.jar:/home/mohammadali/.m2/repository/org/zalando/jackson-datatype-problem/0.26.0/jackson-datatype-problem-0.26.0.jar:/home/mohammadali/.m2/repository/com/fasterxml/jackson/core/jackson-databind/2.13.2/jackson-databind-2.13.2.jar:/home/mohammadali/.m2/repository/com/fasterxml/jackson/core/jackson-annotations/2.13.2/jackson-annotations-2.13.2.jar:/home/mohammadali/.m2/repository/com/fasterxml/jackson/core/jackson-core/2.13.2/jackson-core-2.13.2.jar:/home/mohammadali/.m2/repository/org/zalando/faux-pas/0.9.0/faux-pas-0.9.0.jar:/home/mohammadali/.m2/repository/javax/validation/validation-api/2.0.1.Final/validation-api-2.0.1.Final.jar:/home/mohammadali/.m2/repository/org/springdoc/springdoc-openapi-webmvc-core/1.6.6/springdoc-openapi-webmvc-core-1.6.6.jar:/home/mohammadali/.m2/repository/org/springdoc/springdoc-openapi-common/1.6.6/springdoc-openapi-common-1.6.6.jar:/home/mohammadali/.m2/repository/io/swagger/core/v3/swagger-core/2.1.12/swagger-core-2.1.12.jar:/home/mohammadali/.m2/repository/org/apache/commons/commons-lang3/3.12.0/commons-lang3-3.12.0.jar:/home/mohammadali/.m2/repository/com/fasterxml/jackson/dataformat/jackson-dataformat-yaml/2.13.2/jackson-dataformat-yaml-2.13.2.jar:/home/mohammadali/.m2/repository/io/swagger/core/v3/swagger-annotations/2.1.12/swagger-annotations-2.1.12.jar:/home/mohammadali/.m2/repository/io/swagger/core/v3/swagger-models/2.1.12/swagger-models-2.1.12.jar:/home/mohammadali/.m2/repository/org/springframework/boot/spring-boot-starter-actuator/2.6.5/spring-boot-starter-actuator-2.6.5.jar:/home/mohammadali/.m2/repository/org/springframework/boot/spring-boot-actuator-autoconfigure/2.6.5/spring-boot-actuator-autoconfigure-2.6.5.jar:/home/mohammadali/.m2/repository/org/springframework/boot/spring-boot-actuator/2.6.5/spring-boot-actuator-2.6.5.jar:/home/mohammadali/.m2/repository/io/micrometer/micrometer-core/1.8.4/micrometer-core-1.8.4.jar:/home/mohammadali/.m2/repository/org/hdrhistogram/HdrHistogram/2.1.12/HdrHistogram-2.1.12.jar:/home/mohammadali/.m2/repository/org/latencyutils/LatencyUtils/2.0.3/LatencyUtils-2.0.3.jar:/home/mohammadali/.m2/repository/org/springframework/boot/spring-boot-starter-test/2.6.5/spring-boot-starter-test-2.6.5.jar:/home/mohammadali/.m2/repository/org/springframework/boot/spring-boot-test/2.6.5/spring-boot-test-2.6.5.jar:/home/mohammadali/.m2/repository/org/springframework/boot/spring-boot-test-autoconfigure/2.6.5/spring-boot-test-autoconfigure-2.6.5.jar:/home/mohammadali/.m2/repository/com/jayway/jsonpath/json-path/2.6.0/json-path-2.6.0.jar:/home/mohammadali/.m2/repository/net/minidev/json-smart/2.4.8/json-smart-2.4.8.jar:/home/mohammadali/.m2/repository/net/minidev/accessors-smart/2.4.8/accessors-smart-2.4.8.jar:/home/mohammadali/.m2/repository/org/ow2/asm/asm/9.1/asm-9.1.jar:/home/mohammadali/.m2/repository/jakarta/xml/bind/jakarta.xml.bind-api/2.3.3/jakarta.xml.bind-api-2.3.3.jar:/home/mohammadali/.m2/repository/jakarta/activation/jakarta.activation-api/1.2.2/jakarta.activation-api-1.2.2.jar:/home/mohammadali/.m2/repository/org/assertj/assertj-core/3.21.0/assertj-core-3.21.0.jar:/home/mohammadali/.m2/repository/org/hamcrest/hamcrest/2.2/hamcrest-2.2.jar:/home/mohammadali/.m2/repository/org/junit/jupiter/junit-jupiter/5.8.2/junit-jupiter-5.8.2.jar:/home/mohammadali/.m2/repository/org/junit/jupiter/junit-jupiter-api/5.8.2/junit-jupiter-api-5.8.2.jar:/home/mohammadali/.m2/repository/org/opentest4j/opentest4j/1.2.0/opentest4j-1.2.0.jar:/home/mohammadali/.m2/repository/org/junit/platform/junit-platform-commons/1.8.2/junit-platform-commons-1.8.2.jar:/home/mohammadali/.m2/repository/org/junit/jupiter/junit-jupiter-params/5.8.2/junit-jupiter-params-5.8.2.jar:/home/mohammadali/.m2/repository/org/junit/jupiter/junit-jupiter-engine/5.8.2/junit-jupiter-engine-5.8.2.jar:/home/mohammadali/.m2/repository/org/junit/platform/junit-platform-engine/1.8.2/junit-platform-engine-1.8.2.jar:/home/mohammadali/.m2/repository/org/mockito/mockito-core/4.0.0/mockito-core-4.0.0.jar:/home/mohammadali/.m2/repository/net/bytebuddy/byte-buddy/1.11.22/byte-buddy-1.11.22.jar:/home/mohammadali/.m2/repository/net/bytebuddy/byte-buddy-agent/1.11.22/byte-buddy-agent-1.11.22.jar:/home/mohammadali/.m2/repository/org/objenesis/objenesis/3.2/objenesis-3.2.jar:/home/mohammadali/.m2/repository/org/mockito/mockito-junit-jupiter/4.0.0/mockito-junit-jupiter-4.0.0.jar:/home/mohammadali/.m2/repository/org/skyscreamer/jsonassert/1.5.0/jsonassert-1.5.0.jar:/home/mohammadali/.m2/repository/com/vaadin/external/google/android-json/0.0.20131108.vaadin1/android-json-0.0.20131108.vaadin1.jar:/home/mohammadali/.m2/repository/org/springframework/spring-core/5.3.17/spring-core-5.3.17.jar:/home/mohammadali/.m2/repository/org/springframework/spring-jcl/5.3.17/spring-jcl-5.3.17.jar:/home/mohammadali/.m2/repository/org/springframework/spring-test/5.3.17/spring-test-5.3.17.jar:/home/mohammadali/.m2/repository/org/xmlunit/xmlunit-core/2.8.4/xmlunit-core-2.8.4.jar:/home/mohammadali/.m2/repository/org/projectlombok/lombok/1.18.22/lombok-1.18.22.jar:/home/mohammadali/.m2/repository/org/mapstruct/mapstruct/1.4.2.Final/mapstruct-1.4.2.Final.jar:/home/mohammadali/.m2/repository/org/mapstruct/mapstruct-processor/1.4.2.Final/mapstruct-processor-1.4.2.Final.jar:"/>
    <property name="sun.cpu.endian" value="little"/>
    <property name="user.home" value="/home/mohammadali"/>
    <property name="user.language" value="en"/>
    <property name="java.specification.vendor" value="Oracle Corporation"/>
    <property name="java.version.date" value="2022-01-18"/>
    <property name="java.home" value="/home/mohammadali/.jdks/openjdk-17.0.2"/>
    <property name="file.separator" value="/"/>
    <property name="basedir" value="/home/mohammadali/uni/project/iot-core/iot-core-web"/>
    <property name="java.vm.compressedOopsMode" value="Zero based"/>
    <property name="line.separator" value="&#10;"/>
    <property name="java.vm.specification.vendor" value="Oracle Corporation"/>
    <property name="java.specification.name" value="Java Platform API Specification"/>
    <property name="surefire.real.class.path" value="/home/mohammadali/uni/project/iot-core/iot-core-web/target/surefire/surefirebooter12657364731316228648.jar"/>
    <property name="sun.management.compiler" value="HotSpot 64-Bit Tiered Compilers"/>
    <property name="java.runtime.version" value="17.0.2+8-86"/>
    <property name="user.name" value="mohammadali"/>
    <property name="path.separator" value=":"/>
    <property name="os.version" value="5.10.105-1-MANJARO"/>
    <property name="java.runtime.name" value="OpenJDK Runtime Environment"/>
    <property name="file.encoding" value="UTF-8"/>
    <property name="java.vm.name" value="OpenJDK 64-Bit Server VM"/>
    <property name="localRepository" value="/home/mohammadali/.m2/repository"/>
    <property name="java.vendor.url.bug" value="https://bugreport.java.com/bugreport/"/>
    <property name="java.io.tmpdir" value="/tmp"/>
    <property name="idea.version" value="2021.3.3"/>
    <property name="java.version" value="17.0.2"/>
    <property name="user.dir" value="/home/mohammadali/uni/project/iot-core/iot-core-web"/>
    <property name="os.arch" value="amd64"/>
    <property name="java.vm.specification.name" value="Java Virtual Machine Specification"/>
    <property name="native.encoding" value="UTF-8"/>
    <property name="java.library.path" value="/usr/java/packages/lib:/usr/lib64:/lib64:/lib:/usr/lib"/>
    <property name="java.vm.info" value="mixed mode, sharing"/>
    <property name="java.vendor" value="Oracle Corporation"/>
    <property name="java.vm.version" value="17.0.2+8-86"/>
    <property name="sun.io.unicode.encoding" value="UnicodeLittle"/>
    <property name="java.class.version" value="61.0"/>
  </properties>
  <testcase name="equalDevices" classname="com.example.iotcore.dto.TopicDTOTest" time="0"/>
  <testcase name="differentDevices" classname="com.example.iotcore.dto.TopicDTOTest" time="0"/>
</testsuite>